#
# A fatal error has been detected by the Java Runtime Environment:
#
#  EXCEPTION_ACCESS_VIOLATION (0xc0000005) at pc=0x00000000724c92ac, pid=13528, tid=17252
#
# JRE version: Java(TM) SE Runtime Environment (8.0_60-b27) (build 1.8.0_60-b27)
# Java VM: Java HotSpot(TM) 64-Bit Server VM (25.60-b23 mixed mode windows-amd64 compressed oops)
# Problematic frame:
# C  [nvoglv64.DLL+0x14192ac]
#
# Failed to write core dump. Minidumps are not enabled by default on client versions of Windows
#
# If you would like to submit a bug report, please visit:
#   http://bugreport.java.com/bugreport/crash.jsp
# The crash happened outside the Java Virtual Machine in native code.
# See problematic frame for where to report the bug.
#

---------------  T H R E A D  ---------------

Current thread (0x0000000001f71000):  JavaThread "main" [_thread_in_native, id=17252, stack(0x00000000006c0000,0x00000000007c0000)]

siginfo: ExceptionCode=0xc0000005, reading address 0x0000000000000000

Registers:
RAX=0x00000000724c92ac, RBX=0x00000000206db220, RCX=0x00000000206db23c, RDX=0x0000000000000000
RSP=0x00000000007bf108, RBP=0x0000000000000000, RSI=0x0000000000000038, RDI=0x000000001b980080
R8 =0x000000000000000c, R9 =0x00000000710b0000, R10=0x00000000206db23c, R11=0x00000000206db23c
R12=0x0000000000001403, R13=0x000000000000000c, R14=0x0000000000000006, R15=0x0000000000000004
RIP=0x00000000724c92ac, EFLAGS=0x0000000000010206

Top of Stack: (sp=0x00000000007bf108)
0x00000000007bf108:   0000000071800cbc 0000000001f71000
0x00000000007bf118:   00000000007bf228 0000000000000043
0x00000000007bf128:   0000000000000000 0000000000000000
0x00000000007bf138:   0000000002085d20 0000000000000b25
0x00000000007bf148:   0000000018c2e130 00000000007bf1d8
0x00000000007bf158:   0000000018bf6618 0000000000000001
0x00000000007bf168:   0000000000000000 0000000001f71000
0x00000000007bf178:   00000000007bf288 0000000000000000
0x00000000007bf188:   0000000000000b26 00000000007bf238
0x00000000007bf198:   00000000020857f4 0000000000000188
0x00000000007bf1a8:   0000000018bf8200 0000000018c2c710
0x00000000007bf1b8:   0000000018c2c710 0000000000000006
0x00000000007bf1c8:   0000000000001403 0000000000000000
0x00000000007bf1d8:   0000000002077a70 0000000780880b68
0x00000000007bf1e8:   00000000007bf1e8 0000000018c669ac
0x00000000007bf1f8:   00000000007bf1f8 0000000000000000 

Instructions: (pc=0x00000000724c92ac)
0x00000000724c928c:   8b c3 c3 48 0f b6 02 48 0f b7 4a 01 48 8b 52 03
0x00000000724c929c:   41 88 02 66 41 89 4a 01 49 89 52 03 49 8b c3 c3
0x00000000724c92ac:   8b 02 48 8b 4a 04 41 89 02 49 89 4a 04 49 8b c3
0x00000000724c92bc:   c3 48 0f b6 02 8b 4a 01 48 8b 52 05 41 88 02 41 


Register to memory mapping:

RAX=0x00000000724c92ac is an unknown value
RBX=0x00000000206db220 is an unknown value
RCX=0x00000000206db23c is an unknown value
RDX=0x0000000000000000 is an unknown value
RSP=0x00000000007bf108 is pointing into the stack for thread: 0x0000000001f71000
RBP=0x0000000000000000 is an unknown value
RSI=0x0000000000000038 is an unknown value
RDI=0x000000001b980080 is an unknown value
R8 =0x000000000000000c is an unknown value
R9 =0x00000000710b0000 is an unknown value
R10=0x00000000206db23c is an unknown value
R11=0x00000000206db23c is an unknown value
R12=0x0000000000001403 is an unknown value
R13=0x000000000000000c is an unknown value
R14=0x0000000000000006 is an unknown value
R15=0x0000000000000004 is an unknown value


Stack: [0x00000000006c0000,0x00000000007c0000],  sp=0x00000000007bf108,  free space=1020k
Native frames: (J=compiled Java code, j=interpreted, Vv=VM code, C=native code)

Java frames: (J=compiled Java code, j=interpreted, Vv=VM code)
j  org.lwjgl.system.JNI.callIIIPV(JIIIJ)V+0
j  org.lwjgl.opengl.GL11.nglDrawElements(IIIJ)V+14
j  org.lwjgl.opengl.GL11.glDrawElements(IIIJ)V+17
j  com.lightsoutgaming.lightsoutengine.Main.Start()V+594
j  com.lightsoutgaming.lightsoutengine.Main.main([Ljava/lang/String;)V+7
v  ~StubRoutines::call_stub

---------------  P R O C E S S  ---------------

Java Threads: ( => current thread )
  0x000000001aae8800 JavaThread "Service Thread" daemon [_thread_blocked, id=2780, stack(0x000000001aec0000,0x000000001afc0000)]
  0x0000000019176800 JavaThread "C1 CompilerThread2" daemon [_thread_blocked, id=6480, stack(0x000000001a9c0000,0x000000001aac0000)]
  0x0000000019172000 JavaThread "C2 CompilerThread1" daemon [_thread_blocked, id=11300, stack(0x000000001a8c0000,0x000000001a9c0000)]
  0x000000001916c000 JavaThread "C2 CompilerThread0" daemon [_thread_blocked, id=10028, stack(0x000000001a7c0000,0x000000001a8c0000)]
  0x000000001916a800 JavaThread "Attach Listener" daemon [_thread_blocked, id=15852, stack(0x000000001a6c0000,0x000000001a7c0000)]
  0x0000000019169000 JavaThread "Signal Dispatcher" daemon [_thread_blocked, id=13948, stack(0x000000001a5c0000,0x000000001a6c0000)]
  0x0000000002065800 JavaThread "Finalizer" daemon [_thread_blocked, id=15876, stack(0x000000001a3e0000,0x000000001a4e0000)]
  0x000000000205d000 JavaThread "Reference Handler" daemon [_thread_blocked, id=12344, stack(0x000000001a2e0000,0x000000001a3e0000)]
=>0x0000000001f71000 JavaThread "main" [_thread_in_native, id=17252, stack(0x00000000006c0000,0x00000000007c0000)]

Other Threads:
  0x0000000019137000 VMThread [stack: 0x000000001a1e0000,0x000000001a2e0000] [id=5656]
  0x000000001aafc000 WatcherThread [stack: 0x000000001afc0000,0x000000001b0c0000] [id=15516]

VM state:not at safepoint (normal execution)

VM Mutex/Monitor currently owned by a thread: None

Heap:
 PSYoungGen      total 57344K, used 13834K [0x0000000780400000, 0x0000000784400000, 0x00000007c0000000)
  eden space 49152K, 28% used [0x0000000780400000,0x0000000781182868,0x0000000783400000)
  from space 8192K, 0% used [0x0000000783c00000,0x0000000783c00000,0x0000000784400000)
  to   space 8192K, 0% used [0x0000000783400000,0x0000000783400000,0x0000000783c00000)
 ParOldGen       total 131072K, used 0K [0x0000000700c00000, 0x0000000708c00000, 0x0000000780400000)
  object space 131072K, 0% used [0x0000000700c00000,0x0000000700c00000,0x0000000708c00000)
 Metaspace       used 6981K, capacity 8280K, committed 8576K, reserved 1056768K
  class space    used 529K, capacity 584K, committed 640K, reserved 1048576K

Card table byte_map: [0x0000000011430000,0x0000000011a30000] byte_map_base: 0x000000000dc2a000

Marking Bits: (ParMarkBitMap*) 0x0000000073b4a5b0
 Begin Bits: [0x0000000012230000, 0x0000000015200000)
 End Bits:   [0x0000000015200000, 0x00000000181d0000)

Polling page: 0x0000000000530000

CodeCache: size=245760Kb used=1982Kb max_used=1982Kb free=243777Kb
 bounds [0x0000000002070000, 0x00000000022e0000, 0x0000000011070000]
 total_blobs=964 nmethods=313 adapters=565
 compilation: enabled

Compilation events (10 events):
Event: 0.735 Thread 0x0000000019176800 nmethod 308 0x0000000002254b90 code [0x0000000002254ce0, 0x0000000002254df0]
Event: 0.736 Thread 0x000000001916c000 nmethod 309 0x0000000002254690 code [0x00000000022547e0, 0x0000000002254958]
Event: 0.737 Thread 0x0000000019176800  310       3       java.lang.String::toLowerCase (439 bytes)
Event: 0.738 Thread 0x0000000019176800 nmethod 310 0x000000000225bed0 code [0x000000000225c200, 0x000000000225da58]
Event: 0.738 Thread 0x0000000019176800  311       3       sun.misc.MetaIndex::mayContain (51 bytes)
Event: 0.738 Thread 0x0000000019176800 nmethod 311 0x000000000225e910 code [0x000000000225eac0, 0x000000000225f138]
Event: 0.738 Thread 0x0000000019176800  312   !   3       java.util.zip.Inflater::ended (32 bytes)
Event: 0.739 Thread 0x0000000019176800 nmethod 312 0x000000000225f3d0 code [0x000000000225f540, 0x000000000225f8f0]
Event: 0.783 Thread 0x0000000019176800  313       3       java.nio.Buffer::position (43 bytes)
Event: 0.784 Thread 0x0000000019176800 nmethod 313 0x000000000225fe50 code [0x000000000225ffc0, 0x0000000002260288]

GC Heap History (0 events):
No events

Deoptimization events (1 events):
Event: 0.736 Thread 0x0000000001f71000 Uncommon trap: reason=unstable_if action=reinterpret pc=0x000000000225400c method=sun.misc.MetaIndex.mayContain(Ljava/lang/String;)Z @ 13

Internal exceptions (6 events):
Event: 0.042 Thread 0x0000000001f71000 Exception <a 'java/lang/NoSuchMethodError': Method sun.misc.Unsafe.defineClass(Ljava/lang/String;[BII)Ljava/lang/Class; name or signature does not match> (0x000000078040ced0) thrown at [C:\re\workspace\8-2-build-windows-amd64-cygwin\jdk8u60\4407\hotspot\sr£—à›«¥?
Event: 0.042 Thread 0x0000000001f71000 Exception <a 'java/lang/NoSuchMethodError': Method sun.misc.Unsafe.prefetchRead(Ljava/lang/Object;J)V name or signature does not match> (0x000000078040d1b8) thrown at [C:\re\workspace\8-2-build-windows-amd64-cygwin\jdk8u60\4407\hotspot\src\share\vm\prims\jÌÐ˜­Œç?
Event: 0.736 Thread 0x0000000001f71000 Exception <a 'java/security/PrivilegedActionException'> (0x00000007810a8968) thrown at [C:\re\workspace\8-2-build-windows-amd64-cygwin\jdk8u60\4407\hotspot\src\share\vm\prims\jvm.cpp, line 1386]
Event: 0.736 Thread 0x0000000001f71000 Exception <a 'java/security/PrivilegedActionException'> (0x00000007810a8b78) thrown at [C:\re\workspace\8-2-build-windows-amd64-cygwin\jdk8u60\4407\hotspot\src\share\vm\prims\jvm.cpp, line 1386]
Event: 0.737 Thread 0x0000000001f71000 Exception <a 'java/security/PrivilegedActionException'> (0x00000007810ac720) thrown at [C:\re\workspace\8-2-build-windows-amd64-cygwin\jdk8u60\4407\hotspot\src\share\vm\prims\jvm.cpp, line 1386]
Event: 0.737 Thread 0x0000000001f71000 Exception <a 'java/security/PrivilegedActionException'> (0x00000007810ac930) thrown at [C:\re\workspace\8-2-build-windows-amd64-cygwin\jdk8u60\4407\hotspot\src\share\vm\prims\jvm.cpp, line 1386]

Events (10 events):
Event: 0.739 loading class org/lwjgl/system/MemoryUtil$BufferAllocator$2
Event: 0.739 loading class org/lwjgl/system/MemoryUtil$BufferAllocator$2 done
Event: 0.781 loading class com/lightsoutgaming/lightsoutengine/maths/Vec3
Event: 0.781 loading class com/lightsoutgaming/lightsoutengine/maths/Vec3 done
Event: 0.781 loading class com/lightsoutgaming/lightsoutengine/maths/Vec4
Event: 0.781 loading class com/lightsoutgaming/lightsoutengine/maths/Vec4 done
Event: 0.782 loading class com/lightsoutgaming/lightsoutengine/maths/Vec2
Event: 0.782 loading class com/lightsoutgaming/lightsoutengine/maths/Vec2 done
Event: 0.783 loading class com/lightsoutgaming/lightsoutengine/Input/Input
Event: 0.783 loading class com/lightsoutgaming/lightsoutengine/Input/Input done


Dynamic libraries:
0x00007ff6d3450000 - 0x00007ff6d3487000 	C:\Program Files\Java\jre1.8.0_60\bin\javaw.exe
0x00007ffbbada0000 - 0x00007ffbbaf61000 	C:\WINDOWS\SYSTEM32\ntdll.dll
0x00007ffbba9d0000 - 0x00007ffbbaa7d000 	C:\WINDOWS\system32\KERNEL32.DLL
0x00007ffb9aff0000 - 0x00007ffb9b023000 	C:\Program Files (x86)\AVG\Av\avghooka.dll
0x00007ffbb78f0000 - 0x00007ffbb7ad8000 	C:\WINDOWS\system32\KERNELBASE.dll
0x00007ffbb92f0000 - 0x00007ffbb9397000 	C:\WINDOWS\system32\ADVAPI32.dll
0x00007ffbb87e0000 - 0x00007ffbb887d000 	C:\WINDOWS\system32\msvcrt.dll
0x00007ffbbaa80000 - 0x00007ffbbaadb000 	C:\WINDOWS\system32\sechost.dll
0x00007ffbb9020000 - 0x00007ffbb913c000 	C:\WINDOWS\system32\RPCRT4.dll
0x00007ffbb8670000 - 0x00007ffbb87c6000 	C:\WINDOWS\system32\USER32.dll
0x00007ffbbabb0000 - 0x00007ffbbad36000 	C:\WINDOWS\system32\GDI32.dll
0x00007ffbaf080000 - 0x00007ffbaf2f4000 	C:\WINDOWS\WinSxS\amd64_microsoft.windows.common-controls_6595b64144ccf1df_6.0.10586.0_none_8c15ae12515e1c22\COMCTL32.dll
0x00007ffbb83e0000 - 0x00007ffbb865d000 	C:\WINDOWS\system32\combase.dll
0x00007ffbb7430000 - 0x00007ffbb749a000 	C:\WINDOWS\system32\bcryptPrimitives.dll
0x00007ffbbad40000 - 0x00007ffbbad7b000 	C:\WINDOWS\system32\IMM32.DLL
0x0000000073100000 - 0x00000000731d2000 	C:\Program Files\Java\jre1.8.0_60\bin\msvcr100.dll
0x0000000073340000 - 0x0000000073bc9000 	C:\Program Files\Java\jre1.8.0_60\bin\server\jvm.dll
0x00007ffbb8660000 - 0x00007ffbb8668000 	C:\WINDOWS\system32\PSAPI.DLL
0x00007ffbab380000 - 0x00007ffbab389000 	C:\WINDOWS\SYSTEM32\WSOCK32.dll
0x00007ffbb8370000 - 0x00007ffbb83db000 	C:\WINDOWS\system32\WS2_32.dll
0x00007ffbb5460000 - 0x00007ffbb5483000 	C:\WINDOWS\SYSTEM32\WINMM.dll
0x00007ffbb2cf0000 - 0x00007ffbb2cfa000 	C:\WINDOWS\SYSTEM32\VERSION.dll
0x00007ffbb5030000 - 0x00007ffbb505c000 	C:\WINDOWS\SYSTEM32\WINMMBASE.dll
0x00007ffbb8130000 - 0x00007ffbb8173000 	C:\WINDOWS\system32\cfgmgr32.dll
0x0000000073330000 - 0x000000007333f000 	C:\Program Files\Java\jre1.8.0_60\bin\verify.dll
0x0000000073300000 - 0x0000000073329000 	C:\Program Files\Java\jre1.8.0_60\bin\java.dll
0x00000000732e0000 - 0x00000000732f6000 	C:\Program Files\Java\jre1.8.0_60\bin\zip.dll
0x00007ffbb93c0000 - 0x00007ffbba91c000 	C:\WINDOWS\system32\SHELL32.dll
0x00007ffbb7ae0000 - 0x00007ffbb8124000 	C:\WINDOWS\system32\windows.storage.dll
0x00007ffbb88e0000 - 0x00007ffbb8932000 	C:\WINDOWS\system32\shlwapi.dll
0x00007ffbb73a0000 - 0x00007ffbb73af000 	C:\WINDOWS\system32\kernel.appcore.dll
0x00007ffbb75b0000 - 0x00007ffbb7665000 	C:\WINDOWS\system32\shcore.dll
0x00007ffbb73b0000 - 0x00007ffbb73fb000 	C:\WINDOWS\system32\powrprof.dll
0x00007ffbb7410000 - 0x00007ffbb7424000 	C:\WINDOWS\system32\profapi.dll
0x00007ffb93d10000 - 0x00007ffb93d98000 	C:\Users\PiWalker\git\SparkyJava\libs\native\lwjgl.dll
0x00007ffbb6ea0000 - 0x00007ffbb6eab000 	C:\WINDOWS\SYSTEM32\CRYPTBASE.DLL
0x00007ffbb07e0000 - 0x00007ffbb0822000 	C:\Users\PiWalker\git\SparkyJava\libs\native\jemalloc.dll
0x00007ffb99560000 - 0x00007ffb99598000 	C:\Users\PiWalker\git\SparkyJava\libs\native\glfw.dll
0x00007ffbb5ae0000 - 0x00007ffbb5b76000 	C:\WINDOWS\system32\uxtheme.dll
0x00007ffbb5000000 - 0x00007ffbb5022000 	C:\WINDOWS\SYSTEM32\dwmapi.dll
0x00007ffb8a7b0000 - 0x00007ffb8a8d9000 	C:\WINDOWS\SYSTEM32\opengl32.dll
0x00007ffb8f370000 - 0x00007ffb8f39e000 	C:\WINDOWS\SYSTEM32\GLU32.dll
0x00007ffb8a6b0000 - 0x00007ffb8a7aa000 	C:\WINDOWS\SYSTEM32\DDRAW.dll
0x00007ffba3e50000 - 0x00007ffba3e58000 	C:\WINDOWS\SYSTEM32\DCIMAN32.dll
0x00007ffbb8d70000 - 0x00007ffbb8eca000 	C:\WINDOWS\system32\MSCTF.dll
0x00007ffb8b0c0000 - 0x00007ffb8b0f3000 	c:\program files\nvidia corporation\nvstreamsrv\nvinject.dll
0x00000000710b0000 - 0x0000000072f0d000 	C:\WINDOWS\SYSTEM32\nvoglv64.DLL
0x00007ffbb8940000 - 0x00007ffbb8d69000 	C:\WINDOWS\system32\SETUPAPI.dll
0x00007ffbb4b20000 - 0x00007ffbb4b33000 	C:\WINDOWS\SYSTEM32\WTSAPI32.dll
0x00007ffba27e0000 - 0x00007ffba296c000 	C:\WINDOWS\SYSTEM32\dbghelp.dll
0x00007ffbb5c30000 - 0x00007ffbb5c57000 	C:\WINDOWS\SYSTEM32\DEVOBJ.dll
0x00007ffbb7550000 - 0x00007ffbb75a5000 	C:\WINDOWS\system32\WINTRUST.dll
0x00007ffbb7400000 - 0x00007ffbb7410000 	C:\WINDOWS\system32\MSASN1.dll
0x00007ffbb7670000 - 0x00007ffbb7838000 	C:\WINDOWS\system32\CRYPT32.dll
0x00007ffbb6880000 - 0x00007ffbb68b1000 	C:\WINDOWS\SYSTEM32\ntmarta.dll
0x00007ffbb6cd0000 - 0x00007ffbb6d26000 	C:\WINDOWS\SYSTEM32\WINSTA.dll

VM Arguments:
jvm_args: -Djava.library.path=C:\Users\PiWalker\git\SparkyJava\libs\native -Dfile.encoding=Cp1252 
java_command: com.lightsoutgaming.lightsoutengine.Main
java_class_path (initial): C:\Users\PiWalker\git\SparkyJava\bin;C:\Users\PiWalker\git\SparkyJava\libs\jar\lwjgl.jar;C:\Users\PiWalker\git\SparkyJava\res
Launcher Type: SUN_STANDARD

Environment Variables:
PATH=C:/Program Files/Java/jre1.8.0_60/bin/server;C:/Program Files/Java/jre1.8.0_60/bin;C:/Program Files/Java/jre1.8.0_60/lib/amd64;C:\Program Files\Oculus\Support\oculus-runtime;C:\ProgramData\Oracle\Java\javapath;C:\Program Files\Common Files\Microsoft Shared\Windows Live;C:\Program Files (x86)\Common Files\Microsoft Shared\Windows Live;C:\windows\system32;C:\windows;C:\windows\System32\Wbem;C:\windows\System32\WindowsPowerShell\v1.0\;C:\Program Files (x86)\Windows Live\Shared;C:\Program Files (x86)\ATI Technologies\ATI.ACE\Core-Static;C:\Program Files (x86)\NVIDIA Corporation\PhysX\Common;C:\WINDOWS\system32;C:\WINDOWS;C:\WINDOWS\System32\Wbem;C:\WINDOWS\System32\WindowsPowerShell\v1.0\;C:\Program Files (x86)\Windows Kits\8.1\Windows Performance Toolkit\;C:\Program Files\Microsoft SQL Server\110\Tools\Binn\;C:\Program Files (x86)\Microsoft SDKs\TypeScript\1.0\;C:\Program Files\Microsoft SQL Server\120\Tools\Binn\;C:\Program Files (x86)\Skype\Phone\;C:\Program Files (x86)\QuickTime\QTSystem\;C:\Program Files (x86)\GtkSharp\2.12\bin;;C:\Program Files (x86)\Microsoft VS Code\bin;C:\Program Files\Docker Toolbox;C:\Program Files (x86)\OpenVPN\bin;C:\Users\PiWalker\Desktop;
USERNAME=PiWalker
OS=Windows_NT
PROCESSOR_IDENTIFIER=AMD64 Family 21 Model 19 Stepping 1, AuthenticAMD



---------------  S Y S T E M  ---------------

OS: Windows 10.0 , 64 bit Build 10586 (10.0.10586.0)

CPU:total 4 (4 cores per cpu, 1 threads per core) family 21 model 19 stepping 1, cmov, cx8, fxsr, mmx, sse, sse2, sse3, ssse3, sse4.1, sse4.2, popcnt, avx, aes, clmul, mmxext, 3dnowpref, lzcnt, sse4a, tsc, tscinvbit, tscinv, bmi1

Memory: 4k page, physical 12528060k(6263576k free), swap 25110972k(16508196k free)

vm_info: Java HotSpot(TM) 64-Bit Server VM (25.60-b23) for windows-amd64 JRE (1.8.0_60-b27), built on Aug  4 2015 11:06:27 by "java_re" with MS VC++ 10.0 (VS2010)

time: Sun May 15 20:45:21 2016
elapsed time: 0 seconds (0d 0h 0m 0s)

